{"message":"Unauthorized request to path: /bookmarks","level":"error"}
{"message":"Title is Required","level":"error"}
{"message":"Title is Required","level":"error"}
{"message":"Title is Required","level":"error"}
{"message":"Title is Required","level":"error"}
{"message":"Title is Required","level":"error"}
{"message":"Title is Required","level":"error"}
{"message":"Title is Required","level":"error"}
{"message":"Bookmarks with id function v4(options, buf, offset) {\n  var i = buf && offset || 0;\n\n  if (typeof(options) == 'string') {\n    buf = options === 'binary' ? new Array(16) : null;\n    options = null;\n  }\n  options = options || {};\n\n  var rnds = options.random || (options.rng || rng)();\n\n  // Per 4.4, set bits for version and `clock_seq_hi_and_reserved`\n  rnds[6] = (rnds[6] & 0x0f) | 0x40;\n  rnds[8] = (rnds[8] & 0x3f) | 0x80;\n\n  // Copy bytes to buffer, if provided\n  if (buf) {\n    for (var ii = 0; ii < 16; ++ii) {\n      buf[i + ii] = rnds[ii];\n    }\n  }\n\n  return buf || bytesToUuid(rnds);\n} created","level":"info"}
{"message":"Bookmarks with id function v4(options, buf, offset) {\n  var i = buf && offset || 0;\n\n  if (typeof(options) == 'string') {\n    buf = options === 'binary' ? new Array(16) : null;\n    options = null;\n  }\n  options = options || {};\n\n  var rnds = options.random || (options.rng || rng)();\n\n  // Per 4.4, set bits for version and `clock_seq_hi_and_reserved`\n  rnds[6] = (rnds[6] & 0x0f) | 0x40;\n  rnds[8] = (rnds[8] & 0x3f) | 0x80;\n\n  // Copy bytes to buffer, if provided\n  if (buf) {\n    for (var ii = 0; ii < 16; ++ii) {\n      buf[i + ii] = rnds[ii];\n    }\n  }\n\n  return buf || bytesToUuid(rnds);\n} created","level":"info"}
{"message":"Bookmarks with id function v4(options, buf, offset) {\n  var i = buf && offset || 0;\n\n  if (typeof(options) == 'string') {\n    buf = options === 'binary' ? new Array(16) : null;\n    options = null;\n  }\n  options = options || {};\n\n  var rnds = options.random || (options.rng || rng)();\n\n  // Per 4.4, set bits for version and `clock_seq_hi_and_reserved`\n  rnds[6] = (rnds[6] & 0x0f) | 0x40;\n  rnds[8] = (rnds[8] & 0x3f) | 0x80;\n\n  // Copy bytes to buffer, if provided\n  if (buf) {\n    for (var ii = 0; ii < 16; ++ii) {\n      buf[i + ii] = rnds[ii];\n    }\n  }\n\n  return buf || bytesToUuid(rnds);\n} created","level":"info"}
{"message":"Title is Required","level":"error"}
{"message":"Title is Required","level":"error"}
{"message":"Title is Required","level":"error"}
{"message":"Title is Required","level":"error"}
{"message":"Title is Required","level":"error"}
{"message":"Title is Required","level":"error"}
{"message":"Title is Required","level":"error"}
{"message":"Bookmarks with id function v4(options, buf, offset) {\n  var i = buf && offset || 0;\n\n  if (typeof(options) == 'string') {\n    buf = options === 'binary' ? new Array(16) : null;\n    options = null;\n  }\n  options = options || {};\n\n  var rnds = options.random || (options.rng || rng)();\n\n  // Per 4.4, set bits for version and `clock_seq_hi_and_reserved`\n  rnds[6] = (rnds[6] & 0x0f) | 0x40;\n  rnds[8] = (rnds[8] & 0x3f) | 0x80;\n\n  // Copy bytes to buffer, if provided\n  if (buf) {\n    for (var ii = 0; ii < 16; ++ii) {\n      buf[i + ii] = rnds[ii];\n    }\n  }\n\n  return buf || bytesToUuid(rnds);\n} created","level":"info"}
{"message":"Bookmarks with id function v4(options, buf, offset) {\n  var i = buf && offset || 0;\n\n  if (typeof(options) == 'string') {\n    buf = options === 'binary' ? new Array(16) : null;\n    options = null;\n  }\n  options = options || {};\n\n  var rnds = options.random || (options.rng || rng)();\n\n  // Per 4.4, set bits for version and `clock_seq_hi_and_reserved`\n  rnds[6] = (rnds[6] & 0x0f) | 0x40;\n  rnds[8] = (rnds[8] & 0x3f) | 0x80;\n\n  // Copy bytes to buffer, if provided\n  if (buf) {\n    for (var ii = 0; ii < 16; ++ii) {\n      buf[i + ii] = rnds[ii];\n    }\n  }\n\n  return buf || bytesToUuid(rnds);\n} created","level":"info"}
{"message":"Bookmark with id 1 deleted.","level":"info"}
{"message":"Bookmark with id 3 deleted.","level":"info"}
{"message":"Bookmarks with id function v4(options, buf, offset) {\n  var i = buf && offset || 0;\n\n  if (typeof(options) == 'string') {\n    buf = options === 'binary' ? new Array(16) : null;\n    options = null;\n  }\n  options = options || {};\n\n  var rnds = options.random || (options.rng || rng)();\n\n  // Per 4.4, set bits for version and `clock_seq_hi_and_reserved`\n  rnds[6] = (rnds[6] & 0x0f) | 0x40;\n  rnds[8] = (rnds[8] & 0x3f) | 0x80;\n\n  // Copy bytes to buffer, if provided\n  if (buf) {\n    for (var ii = 0; ii < 16; ++ii) {\n      buf[i + ii] = rnds[ii];\n    }\n  }\n\n  return buf || bytesToUuid(rnds);\n} created","level":"info"}
{"message":"Bookmarks with id function v4(options, buf, offset) {\n  var i = buf && offset || 0;\n\n  if (typeof(options) == 'string') {\n    buf = options === 'binary' ? new Array(16) : null;\n    options = null;\n  }\n  options = options || {};\n\n  var rnds = options.random || (options.rng || rng)();\n\n  // Per 4.4, set bits for version and `clock_seq_hi_and_reserved`\n  rnds[6] = (rnds[6] & 0x0f) | 0x40;\n  rnds[8] = (rnds[8] & 0x3f) | 0x80;\n\n  // Copy bytes to buffer, if provided\n  if (buf) {\n    for (var ii = 0; ii < 16; ++ii) {\n      buf[i + ii] = rnds[ii];\n    }\n  }\n\n  return buf || bytesToUuid(rnds);\n} created","level":"info"}
{"message":"Bookmarks with id function v4(options, buf, offset) {\n  var i = buf && offset || 0;\n\n  if (typeof(options) == 'string') {\n    buf = options === 'binary' ? new Array(16) : null;\n    options = null;\n  }\n  options = options || {};\n\n  var rnds = options.random || (options.rng || rng)();\n\n  // Per 4.4, set bits for version and `clock_seq_hi_and_reserved`\n  rnds[6] = (rnds[6] & 0x0f) | 0x40;\n  rnds[8] = (rnds[8] & 0x3f) | 0x80;\n\n  // Copy bytes to buffer, if provided\n  if (buf) {\n    for (var ii = 0; ii < 16; ++ii) {\n      buf[i + ii] = rnds[ii];\n    }\n  }\n\n  return buf || bytesToUuid(rnds);\n} created","level":"info"}
{"message":"Card with id 1 not found.","level":"error"}
{"message":"Bookmarks with id d4dfd70d-b725-412a-bc96-c92a3900f421 created","level":"info"}
{"message":"Bookmark with id 3 deleted.","level":"info"}
{"message":"Bookmarks with id ec71a5ee-7aea-42dd-826d-6db6541d128b created","level":"info"}
